<?xml version="1.0" encoding="UTF-8"?>
<!-- Generated by org.testng.reporters.JUnitXMLReporter -->
<testsuite hostname="ATMECSINLT-443" ignored="1" name="Default test" tests="1" failures="0" timestamp="06 Mar 2019 03:04:34 GMT" time="0.609" errors="0">
  <testcase name="writeToExcelSheet" time="0.536" classname="draft.workWithExcelSheets"/>
  <testcase name="runAgainstExcelData" time="0.0" classname="draft.workWithExcelSheets">
    <ignored/>
  </testcase> <!-- runAgainstExcelData -->
</testsuite> <!-- Default test -->
