<?xml version="1.0" encoding="UTF-8"?>
<!-- Generated by org.testng.reporters.JUnitXMLReporter -->
<testsuite hostname="ATMECSINLT-443" ignored="0" name="Example tests" tests="4" failures="0" timestamp="05 Mar 2019 03:39:58 GMT" time="16.527" errors="0">
  <testcase name="scenario2OfExample2" time="14.692" classname="draft.Example2"/>
  <testcase name="test2OfExample1" time="15.472" classname="draft.Example1"/>
  <testcase name="scenario1OfExample2" time="15.49" classname="draft.Example2"/>
  <testcase name="test1OfExample1" time="16.447" classname="draft.Example1"/>
</testsuite> <!-- Example tests -->
