<?xml version="1.0" encoding="UTF-8"?>
<!-- Generated by org.testng.reporters.JUnitXMLReporter -->
<testsuite hostname="ATMECSINLT-443" ignored="0" name="Sample Smoke" tests="4" failures="0" timestamp="05 Mar 2019 01:33:02 GMT" time="18.257" errors="0">
  <testcase name="scenario1OfExample2" time="7.693" classname="draft.Example2"/>
  <testcase name="test1OfExample1" time="13.716" classname="draft.Example1"/>
  <testcase name="scenario2OfExample2" time="6.03" classname="draft.Example2"/>
  <testcase name="test2OfExample1" time="4.499" classname="draft.Example1"/>
</testsuite> <!-- Sample Smoke -->
